[debug] [2017-08-16T03:05:56.745Z] ----------------------------------------------------------------------
[debug] [2017-08-16T03:05:56.748Z] Command:      /usr/local/bin/node /usr/local/bin/firebase deploy
[debug] [2017-08-16T03:05:56.749Z] CLI Version:  3.9.1
[debug] [2017-08-16T03:05:56.749Z] Platform:     darwin
[debug] [2017-08-16T03:05:56.749Z] Node Version: v6.10.0
[debug] [2017-08-16T03:05:56.749Z] Time:         Tue Aug 15 2017 23:05:56 GMT-0400 (EDT)
[debug] [2017-08-16T03:05:56.750Z] ----------------------------------------------------------------------
[debug] 
[debug] [2017-08-16T03:05:56.766Z] > command requires scopes: ["email","openid","https://www.googleapis.com/auth/cloudplatformprojects.readonly","https://www.googleapis.com/auth/firebase","https://www.googleapis.com/auth/cloud-platform"]
[debug] [2017-08-16T03:05:56.767Z] > authorizing via signed-in user
[debug] [2017-08-16T03:05:56.769Z] > refreshing access token with scopes: ["email","https://www.googleapis.com/auth/cloud-platform","https://www.googleapis.com/auth/cloudplatformprojects.readonly","https://www.googleapis.com/auth/firebase","openid"]
[debug] [2017-08-16T03:05:56.770Z] >>> HTTP REQUEST POST https://www.googleapis.com/oauth2/v3/token { refresh_token: '1/bVVrpcB06bGsHgO51AVZnHk73l5cmmrTqSj7p9J2o8A',
  client_id: '563584335869-fgrhgmd47bqnekij5i8b5pr03ho849e6.apps.googleusercontent.com',
  client_secret: 'j9iVZfS8kkCEFUPaAeJV0sAi',
  grant_type: 'refresh_token',
  scope: 'email https://www.googleapis.com/auth/cloud-platform https://www.googleapis.com/auth/cloudplatformprojects.readonly https://www.googleapis.com/auth/firebase openid' } 
 Tue Aug 15 2017 23:05:56 GMT-0400 (EDT)
[debug] [2017-08-16T03:05:56.947Z] <<< HTTP RESPONSE 200
[debug] [2017-08-16T03:05:56.949Z] >>> HTTP REQUEST GET https://admin.firebase.com/v1/projects/wethemus-159817  
 Tue Aug 15 2017 23:05:56 GMT-0400 (EDT)
[debug] [2017-08-16T03:05:57.533Z] <<< HTTP RESPONSE 200
[debug] [2017-08-16T03:05:57.535Z] >>> HTTP REQUEST GET https://admin.firebase.com/v1/database/wethemus-159817/tokens  
 Tue Aug 15 2017 23:05:57 GMT-0400 (EDT)
[debug] [2017-08-16T03:05:57.904Z] <<< HTTP RESPONSE 200
[info] 
[info] === Deploying to 'wethemus-159817'...
[info] 
[info] i  deploying hosting
[info] i  hosting: preparing src directory for upload...
[debug] [2017-08-16T03:06:02.149Z] >>> HTTP REQUEST PUT https://deploy.firebase.com/v1/hosting/wethemus-159817/uploads/-Krd-IklAjKpqrOmEiiH?fileCount=1967&message=  
 Tue Aug 15 2017 23:06:02 GMT-0400 (EDT)
